<?xml version="1.0" encoding="UTF-8"?>
<!-- Generated by org.testng.reporters.JUnitReportReporter -->
<testsuite hostname="DESKTOP-RGULHIU" failures="0" tests="1" name="seleniumtestcases.lead_action" time="9.204" errors="0" timestamp="2024-04-30T23:01:26 EET" skipped="0">
  <testcase classname="seleniumtestcases.lead_action" name="navigateToAddLead" time="9.204"/>
</testsuite> <!-- seleniumtestcases.lead_action -->
