<?xml version="1.0" encoding="UTF-8"?>
<!-- Generated by org.testng.reporters.JUnitReportReporter -->
<testsuite hostname="DESKTOP-RGULHIU" failures="0" tests="1" name="selenium.addlead" time="5.095" errors="0" timestamp="2024-04-29T17:36:10 EET" skipped="0">
  <testcase classname="selenium.addlead" name="navigateToAddLead" time="5.095"/>
</testsuite> <!-- selenium.addlead -->
