<?xml version="1.0" encoding="UTF-8"?>
<!-- Generated by org.testng.reporters.JUnitReportReporter -->
<testsuite hostname="DESKTOP-RGULHIU" failures="0" tests="1" name="selenium.testcase1" time="7.366" errors="0" timestamp="2024-04-29T00:50:44 EET" skipped="0">
  <testcase classname="selenium.testcase1" name="testOrangeHRM" time="7.366"/>
</testsuite> <!-- selenium.testcase1 -->
