<?xml version="1.0" encoding="UTF-8"?>
<!-- Generated by org.testng.reporters.JUnitReportReporter -->
<testsuite hostname="DESKTOP-RGULHIU" failures="0" tests="1" name="selenium.login_invaiddaata" time="4.402" errors="0" timestamp="2024-04-29T05:25:29 EET" skipped="0">
  <testcase classname="selenium.login_invaiddaata" name="testOrangeHRM" time="4.402"/>
</testsuite> <!-- selenium.login_invaiddaata -->
