<?xml version="1.0" encoding="UTF-8"?>
<!-- Generated by org.testng.reporters.JUnitReportReporter -->
<testsuite hostname="DESKTOP-RGULHIU" failures="0" tests="1" name="seleniumtestcases.addlead" time="6.202" errors="0" timestamp="2024-04-29T21:01:30 EET" skipped="0">
  <testcase classname="seleniumtestcases.addlead" name="navigateToAddLead" time="6.202"/>
</testsuite> <!-- seleniumtestcases.addlead -->
