<?xml version="1.0" encoding="UTF-8"?>
<!-- Generated by org.testng.reporters.JUnitReportReporter -->
<testsuite hostname="DESKTOP-RGULHIU" failures="0" tests="1" name="selenium.SeleniumTest" time="5.012" errors="0" timestamp="2024-04-29T17:45:43 EET" skipped="0">
  <testcase classname="selenium.SeleniumTest" name="testElementLoading" time="5.012"/>
</testsuite> <!-- selenium.SeleniumTest -->
