<?xml version="1.0" encoding="UTF-8"?>
<!-- Generated by org.testng.reporters.JUnitReportReporter -->
<testsuite hostname="DESKTOP-RGULHIU" failures="0" tests="1" name="seleniumtestcases.login_invaiddaata" time="5.013" errors="0" timestamp="2024-04-30T23:01:26 EET" skipped="0">
  <testcase classname="seleniumtestcases.login_invaiddaata" name="testOrangeHRM" time="5.013"/>
</testsuite> <!-- seleniumtestcases.login_invaiddaata -->
